4320: 11:59:07.932 - ---
4320: 11:59:07.932 - Service: "Photon Socket Server" starting
4320: 11:59:07.932 - Config File: G:\U3D_WorkSpace\Personal_Project\RPG_Server\ExitGames-Photon-Server-SDK_v3-4-31-10808\deploy\bin_Win32\PhotonServer.config
4320: 11:59:07.933 - Will produce at most: 10 crash dumps
4320: 11:59:07.933 - Action: run as exe
4320: 11:59:07.934 - Server Starting...
4320: 11:59:07.934 -    Tick count: 5606925 (wraps in: 49.6454 days)
4320: 11:59:07.934 - Tick count 64: 5606925
4320: 11:59:07.936 - Photon Version: 3.4.9.2931
4320: 11:59:07.936 - PID: 4520
4320: 11:59:07.936 - Config File: G:\U3D_WorkSpace\Personal_Project\RPG_Server\ExitGames-Photon-Server-SDK_v3-4-31-10808\deploy\bin_Win32\PhotonServer.config
4320: 11:59:07.937 - Will NOT log unimportant exceptions
4320: 11:59:07.941 - Not using performance counters as they are not currently installed. Run the service with /InstallCounters to install them.
4320: 11:59:07.941 - Shutdown timeout enabled: 30000ms
4320: 11:59:07.941 - Starting I/O thread pool with 2 threads
4320: 11:59:07.941 - Using Standard allocator
4320: 11:59:07.941 - Max message size: 512000
4320: 11:59:07.941 - Starting business logic thread pool with the following settings
4320: 11:59:07.941 - InitialThreads: 4 threads
4320: 11:59:07.941 - MinThreads: 4 threads
4320: 11:59:07.941 - Thread pool is fixed size
4320: 11:59:07.942 - Starting ENet thread pool with the following settings
4320: 11:59:07.942 - InitialThreads: 2 threads
4320: 11:59:07.942 - MinThreads: 2 threads
4320: 11:59:07.942 - Thread pool is fixed size
4320: 11:59:07.942 - OnlyDispatchTimers: False
4320: 11:59:07.942 - S2S: flow control: Max pending writes: 50
4320: 11:59:07.942 - S2S: flow control: Max queued buffers: 200
4320: 11:59:07.942 - S2S: flow control: Max pending writes MUX: 500
4320: 11:59:07.942 - S2S: flow control: Max queued buffers MUX: 2000
4320: 11:59:07.942 - S2S: MaxInboundMessageSize: 512000
4320: 11:59:07.942 - S2S: MaxOutboundMessageSize: 512000
4320: 11:59:07.942 - S2S: No inactivity timeout
4320: 11:59:07.948 - WebSocket S2S: MaxInboundMessageSize: 512000
4320: 11:59:07.948 - WebSocket S2S: MaxOutboundMessageSize: 512000
4320: 11:59:07.948 - WebSocket S2S: No inactivity timeout
4320: 11:59:07.949 - Max Reliable Data In Transit (awaiting ACKs) per peer : 51200 bytes
4320: 11:59:07.949 - Per peer bandwidth limit
4320: 11:59:07.949 - Transmit Rate Limit: 256 KB/Sec
4320: 11:59:07.949 - Limit period: 200ms
4320: 11:59:07.949 - Limit per period: 52428 bytes
4320: 11:59:07.949 - Max queued data for transmission per peer: 512000 bytes
4320: 11:59:07.949 - Minimum retransmit timeout: 200
4320: 11:59:07.949 - No Maximum retransmit timeout
4320: 11:59:07.949 - Minimum ENet timeout: 5000ms
4320: 11:59:07.949 - Maximum ENet timeout: 30000ms
4320: 11:59:07.949 - Max Inbound Reliable Data Queued (awaiting resends of earlier sequence numbers) per peer : 163840 bytes
4320: 11:59:07.949 - No RTT ACK adjustment timeout
4320: 11:59:07.949 - Outbound ENet: MaxInboundMessageSize: 512000
4320: 11:59:07.949 - Outbound ENet: MaxOutboundMessageSize: 512000
4320: 11:59:07.952 - GetRuntime - About to load CLR - versions available:
4320: 11:59:07.952 - v2.0.50727
4320: 11:59:07.952 - v4.0.30319
4320: 11:59:07.952 - Configuration requests: "v2.0.50727"
4320: 11:59:07.952 - About to load version: "v2.0.50727"
4320: 11:59:07.964 - About to load runtime: PhotonHostRuntime.PhotonDomainManager from PhotonHostRuntime, Culture=neutral, PublicKeyToken=02C301B61B060C4D
4320: 11:59:07.964 - CLRBaseDirectory set to "G:\U3D_WorkSpace\Personal_Project\RPG_Server\ExitGames-Photon-Server-SDK_v3-4-31-10808\deploy"
4320: 11:59:07.964 - Optimising event broadcast for 20 or more peers
4320: 11:59:07.966 - Start: About to load CLR - versions available:
4320: 11:59:07.966 - v2.0.50727
4320: 11:59:07.966 - v4.0.30319
4320: 11:59:07.966 - No preference in configuration file, will load latest.
4320: 11:59:07.966 - About to load version: "v4.0.30319"
4320: 11:59:07.968 - Loaded version: "v4.0.30319"
4320: 11:59:08.099 - Photon host runtime loaded
4320: 11:59:22.434 - License is valid.
4320: 11:59:22.434 - Licensed for 100 concurrent connections.
4320: 11:59:22.434 - ENet: Max Reliable Data In Transit (awaiting ACKs) per peer : 51200 bytes
4320: 11:59:22.434 - ENet: Per peer bandwidth limit
4320: 11:59:22.434 - ENet: Transmit Rate Limit: 256 KB/Sec
4320: 11:59:22.434 - ENet: Limit period: 200ms
4320: 11:59:22.434 - ENet: Limit per period: 52428 bytes
4320: 11:59:22.434 - ENet: Max queued data for transmission per peer: 512000 bytes
4320: 11:59:22.434 - ENet: Minimum retransmit timeout: 200
4320: 11:59:22.434 - No Maximum retransmit timeout
4320: 11:59:22.434 - ENet: Minimum timeout: 5000ms
4320: 11:59:22.434 - ENet: Maximum timeout: 30000ms
4320: 11:59:22.434 - ENet: Max Inbound Reliable Data Queued (awaiting resends of earlier sequence numbers) per peer : 163840 bytes
4320: 11:59:22.434 - No RTT ACK adjustment timeout
4320: 11:59:22.434 - About to load application: Lite from Lite
4320: 11:59:22.434 - Auto restart is enabled for application, existing connections will be terminated during restart
4320: 11:59:22.434 - Application will restart 1000ms after the last change detected
4320: 11:59:22.434 - Application will restart if files matching the following are changed: "dll;config"
4320: 11:59:22.434 - Application will NOT restart if files matching the following are changed: "log4net.config"
6192: 11:59:22.436 - FAILED license server contact - trying next URL.
4320: 11:59:22.551 - Taking reference on default app domain
4320: 11:59:22.630 - Application: "Lite" started in app domain: 2
4320: 11:59:22.630 - About to load application: LiteLobby from LiteLobby
4320: 11:59:22.630 - Auto restart is enabled for application, existing connections will be terminated during restart
4320: 11:59:22.630 - Application will restart 1000ms after the last change detected
4320: 11:59:22.630 - Application will restart if files matching the following are changed: "dll;config"
4320: 11:59:22.630 - Application will NOT restart if files matching the following are changed: "log4net.config"
4320: 11:59:22.697 - Taking reference on default app domain
4320: 11:59:22.913 - Application: "LiteLobby" started in app domain: 3
4320: 11:59:22.913 - About to load application: MmoDemo from Photon.MmoDemo.Server
4320: 11:59:22.913 - Auto restart is enabled for application, existing connections will be terminated during restart
4320: 11:59:22.913 - Application will restart 1000ms after the last change detected
4320: 11:59:22.913 - Application will restart if files matching the following are changed: "dll;config"
4320: 11:59:22.913 - Application will NOT restart if files matching the following are changed: "log4net.config"
4320: 11:59:23.082 - Taking reference on default app domain
4320: 11:59:23.204 - Application: "MmoDemo" started in app domain: 4
4320: 11:59:23.204 - About to load application: CounterPublisher from CounterPublisher
4320: 11:59:23.204 - Auto restart is enabled for application, existing connections will be terminated during restart
4320: 11:59:23.204 - Application will restart 1000ms after the last change detected
4320: 11:59:23.204 - Application will restart if files matching the following are changed: "dll;config"
4320: 11:59:23.204 - Application will NOT restart if files matching the following are changed: "log4net.config"
4320: 11:59:23.340 - Taking reference on default app domain
4320: 11:59:23.435 - Application: "CounterPublisher" started in app domain: 5
4320: 11:59:23.435 - Adding TCP listener on: 0.0.0.0: 4530 with a listen backlog of: 150
4320: 11:59:23.435 - TCP inactivity timeout: 10000ms
4320: 11:59:23.435 - TCP disconnect timeout: 120000ms
4320: 11:59:23.435 - MaxInboundMessageSize: 512000
4320: 11:59:23.435 - MaxOutboundMessageSize: 512000
4320: 11:59:23.435 - Serving policy file requests from: "G:\U3D_WorkSpace\Personal_Project\RPG_Server\ExitGames-Photon-Server-SDK_v3-4-31-10808\deploy\Policy\assets\socket-policy.xml"
4320: 11:59:23.435 - MaxInboundMessageSize: 512000
4320: 11:59:23.435 - MaxOutboundMessageSize: 512000
4320: 11:59:23.435 - UDP address specified as: "0.0.0.0" adding listener to each available IPv4 address
4320: 11:59:23.437 - Adding UDP listener on: 192.168.0.102: 5055 with a listen backlog of: 500
4320: 11:59:23.437 - Adding UDP listener on: 127.0.0.1: 5055 with a listen backlog of: 500
4320: 11:59:23.438 - Adding WebSocket TCP listener on: 0.0.0.0: 9090 with a listen backlog of: 150
4320: 11:59:23.438 - Nagle disabled
4320: 11:59:23.438 - TCP inactivity timeout: 10000ms
4320: 11:59:23.438 - MaxInboundMessageSize: 512000
4320: 11:59:23.438 - MaxOutboundMessageSize: 512000
4320: 11:59:23.438 - Forcing all applications ids to: "Lite"
4320: 11:59:23.438 - Will accept ANY sub-protocols from the client
4320: 11:59:23.438 - No automatic WebSocket ping
4320: 11:59:23.438 - Adding Policy File listener on: 0.0.0.0: 843 with a listen backlog of: 150 and serving Policy File: "G:\U3D_WorkSpace\Personal_Project\RPG_Server\ExitGames-Photon-Server-SDK_v3-4-31-10808\deploy\Policy\assets\socket-policy.xml"
4320: 11:59:23.438 - TCP inactivity timeout: 10000ms
4320: 11:59:23.438 - Adding Policy File listener on: 0.0.0.0: 943 with a listen backlog of: 150 and serving Policy File: "G:\U3D_WorkSpace\Personal_Project\RPG_Server\ExitGames-Photon-Server-SDK_v3-4-31-10808\deploy\Policy\assets\socket-policy-silverlight.xml"
4320: 11:59:23.438 - TCP inactivity timeout: 10000ms
4320: 11:59:23.522 - Service is running...
6192: 11:59:34.438 - Shutdown request from PhotonHostRuntime: Connect to Photon License Server failed, can't verify floating license.
6192: 11:59:34.438 - Shutdown requested.
4320: 11:59:34.442 - Service is stopped...
4320: 11:59:34.442 - Server shutting down...
4320: 11:59:34.442 - Shutdown monitoring enabled, 30000ms before process abort
4320: 11:59:34.442 - Notifying CLR applications of shutdown...
4320: 11:59:34.442 - RequestApplicationStop: 5
4320: 11:59:34.445 - RequestApplicationStop: 2
4320: 11:59:34.448 - RequestApplicationStop: 3
4320: 11:59:34.452 - RequestApplicationStop: 4
4320: 11:59:34.454 - RequestStop: defalt app domain
4320: 11:59:34.455 - Shutting down WebSocket Outbound Connection Manager...
4320: 11:59:34.455 - Shutting down TCP Outbound Connection Manager...
4320: 11:59:34.455 - Shutting down ENet Outbound Connection Manager...
4320: 11:59:34.455 - Disconnecting all outbound peers...
4320: 11:59:34.455 - Shutting down ENet host...
4320: 11:59:34.455 - Disconnecting all peers...
4320: 11:59:34.455 - Shutting down socket servers...
4320: 11:59:34.455 - Shutting down ENet thread pool...
4320: 11:59:34.455 - Shutting down TCP inactivity timers...
4320: 11:59:34.455 - WaitingForShutdownToComplete: NativePolicy:0.0.0.0:843
4320: 11:59:34.455 - OnShutdownCompleted: NativePolicy:0.0.0.0:843
4320: 11:59:34.455 - WaitingForShutdownToComplete: NativePolicy:0.0.0.0:943
4320: 11:59:34.455 - OnShutdownCompleted: NativePolicy:0.0.0.0:943
4320: 11:59:34.455 - WaitingForShutdownToComplete: TCP:0.0.0.0:4530
4320: 11:59:34.455 - OnShutdownCompleted: TCP:0.0.0.0:4530
4320: 11:59:34.455 - WaitingForShutdownToComplete: UDP:127.0.0.1:5055
4320: 11:59:34.455 - OnShutdownCompleted: UDP:127.0.0.1:5055
4320: 11:59:34.455 - WaitingForShutdownToComplete: UDP:192.168.0.102:5055
4320: 11:59:34.455 - OnShutdownCompleted: UDP:192.168.0.102:5055
4320: 11:59:34.455 - WaitingForShutdownToComplete: WebSocket:0.0.0.0:9090
4320: 11:59:34.455 - OnShutdownCompleted: WebSocket:0.0.0.0:9090
4320: 11:59:34.455 - Shutting down CLR applications...
2944: 11:59:34.458 - CManagedHost::OnDefaultAction() - OPR_AppDomainUnload - eUnloadAppDomain
4320: 11:59:34.464 - Shutting down business logic thread pool...
4320: 11:59:34.464 - Shutting down I/O thread pool...
4320: 11:59:34.464 - Destroying servers
4320: 11:59:34.464 - Destroying WebSocket Outbound Connection Manager
4320: 11:59:34.464 - Destroying TCP Outbound Connection Manager
4320: 11:59:34.465 - Destroying TCP inactivity timer
4320: 11:59:34.465 - Destroying ENet timer wheel
4320: 11:59:34.465 - Destroying ENet host
4320: 11:59:34.465 - Destroying ENet outbound host
4320: 11:59:34.465 - Destroying HTTP inactivity timer
4320: 11:59:34.465 - Destroying HTTP host
4320: 11:59:34.465 - Destroying HTTP Chunk host
4320: 11:59:34.465 - Flushing ENET buffer allocator...
4320: 11:59:34.465 - Flushing TCP buffer handle allocator...
4320: 11:59:34.465 - Flushing stream socket allocator...
4320: 11:59:34.465 - Flushing inbound datagram socket allocator...
4320: 11:59:34.467 - Flushing outbound datagram socket allocator...
4320: 11:59:34.467 - Destroying CLR dispatcher
4320: 11:59:34.467 - Destroying CLR applications
4320: 11:59:34.467 - ~CCLRApplicationCollection() - Waiting up to 10 seconds for the CLR to release all of our objects
8104: 11:59:34.468 - Unloading Domain: ApplicationName = 'CounterPublisher', DomainId='5'
2944: 11:59:34.468 - CManagedHost::OnDomainUnload() - 5
2944: 11:59:34.497 - CManagedHost::OnDefaultAction() - OPR_AppDomainUnload - eUnloadAppDomain
8104: 11:59:34.504 - Unloading Domain: ApplicationName = 'Lite', DomainId='2'
2944: 11:59:34.504 - CManagedHost::OnDomainUnload() - 2
2944: 11:59:34.505 - CManagedHost::OnDefaultAction() - OPR_AppDomainUnload - eUnloadAppDomain
8104: 11:59:34.513 - Unloading Domain: ApplicationName = 'LiteLobby', DomainId='3'
2944: 11:59:34.513 - CManagedHost::OnDomainUnload() - 3
2944: 11:59:34.515 - CManagedHost::OnDefaultAction() - OPR_AppDomainUnload - eUnloadAppDomain
8104: 11:59:34.518 - Unloading Domain: ApplicationName = 'MmoDemo', DomainId='4'
2944: 11:59:34.518 - CManagedHost::OnDomainUnload() - 4
4320: 11:59:34.518 - ~CCLRApplicationCollection() - Done. All objects released
4320: 11:59:34.518 - ~CManagedHost() - Release default app domain
4320: 11:59:34.518 - CManagedHost::OnDomainUnload() - 1
4320: 11:59:34.518 - ~CManagedHost() - Waiting up to 10 seconds for CLR shutdown...
4320: 11:59:34.518 - ~CManagedHost
4320: 11:59:34.518 - Destroying ENet thread pool
4320: 11:59:34.518 - Destroying Business logic thread pool
4320: 11:59:34.518 - Destroying I/O thread pool
4320: 11:59:34.518 - Destroying ENet buffer allocator
4320: 11:59:34.518 - Destroying TCP buffer allocator
4320: 11:59:34.518 - Destroying TCP socket allocator
4320: 11:59:34.519 - Destroying ENet inbound socket allocator
4320: 11:59:34.519 - Destroying ENet outbound socket allocator
4320: 11:59:34.519 - Destroying shared datagram flow control data
4320: 11:59:34.519 - Shutdown complete...
4320: 11:59:34.519 - Service shutting down
4320: 11:59:34.520 - Service shut down complete
