2016-01-10 11:59:08,087 [ 1] INFO  PhotonHostRuntime.PhotonDomainManager - Initialize: ApplicationName = 'DefaultDomain', DomainID = '1'
2016-01-10 11:59:08,098 [ 1] INFO  PhotonHostRuntime.PhotonDomainManager - AppDomains with unhandled exceptions are usually not unloaded and restarted.
2016-01-10 11:59:08,100 [ 1] INFO  PhotonHostRuntime.PhotonDomainManager - Getting license information:
2016-01-10 11:59:08,534 [ 1] INFO  PhotonHostRuntime.PhotonLicensing - LICENSE: Type:Standard; Plan:Free; Expiration: never; floating license: yes; max connections: 100; valid IPs: any; status:Licensed
2016-01-10 11:59:22,439 [ 1] INFO  PhotonHostRuntime.PhotonDomainManager - CreateAppDomain: name = 'Lite' , assemblyName = 'Lite'
2016-01-10 11:59:22,440 [ 1] INFO  PhotonHostRuntime.PhotonDomainManager -   ApplicationBase = 'G:\U3D_WorkSpace\Personal_Project\RPG_Server\ExitGames-Photon-Server-SDK_v3-4-31-10808\deploy'
2016-01-10 11:59:22,441 [ 1] INFO  PhotonHostRuntime.PhotonDomainManager -   PrivateBinPath = 'G:\U3D_WorkSpace\Personal_Project\RPG_Server\ExitGames-Photon-Server-SDK_v3-4-31-10808\deploy\Lite\bin;bin_Win32;Shared;'
2016-01-10 11:59:22,441 [ 1] INFO  PhotonHostRuntime.PhotonDomainManager -   ConfigurationFile = 'G:\U3D_WorkSpace\Personal_Project\RPG_Server\ExitGames-Photon-Server-SDK_v3-4-31-10808\deploy\Lite\bin\Lite.dll.config'
2016-01-10 11:59:22,442 [ 1] INFO  PhotonHostRuntime.PhotonDomainManager -   CachePath = 'G:\U3D_WorkSpace\Personal_Project\RPG_Server\ExitGames-Photon-Server-SDK_v3-4-31-10808\deploy\Lite\bin\Cache'
2016-01-10 11:59:22,548 [ 1] INFO  PhotonHostRuntime.PhotonDomainManager -   ApplicationPath = 'G:\U3D_WorkSpace\Personal_Project\RPG_Server\ExitGames-Photon-Server-SDK_v3-4-31-10808\deploy\Lite'
2016-01-10 11:59:22,548 [ 1] INFO  PhotonHostRuntime.PhotonDomainManager -   BinaryPath = 'G:\U3D_WorkSpace\Personal_Project\RPG_Server\ExitGames-Photon-Server-SDK_v3-4-31-10808\deploy\Lite\bin'
2016-01-10 11:59:22,549 [ 1] INFO  PhotonHostRuntime.PhotonDomainManager -   ApplicationRootPath = 'G:\U3D_WorkSpace\Personal_Project\RPG_Server\ExitGames-Photon-Server-SDK_v3-4-31-10808\deploy'
2016-01-10 11:59:22,550 [ 1] INFO  PhotonHostRuntime.PhotonDomainManager -   UnmanagedLogPath = 'G:\U3D_WorkSpace\Personal_Project\RPG_Server\ExitGames-Photon-Server-SDK_v3-4-31-10808\deploy\bin_Win32\log'
2016-01-10 11:59:22,566 [ 1] INFO  PhotonHostRuntime.PhotonDomainManager - AssemblyLoadEvent: Lite, Version=3.4.31.10808, Culture=neutral, PublicKeyToken=null from file:///G:/U3D_WorkSpace/Personal_Project/RPG_Server/ExitGames-Photon-Server-SDK_v3-4-31-10808/deploy/Lite/bin/Lite.DLL
2016-01-10 11:59:22,567 [ 1] INFO  PhotonHostRuntime.PhotonDomainManager - Photon SDK:3.4.31.10808
2016-01-10 11:59:22,581 [ 1] INFO  PhotonHostRuntime.PhotonDomainManager - AssemblyLoadEvent: Photon.SocketServer, Version=3.4.31.10808, Culture=neutral, PublicKeyToken=48c2fa3b6988090e from file:///G:/U3D_WorkSpace/Personal_Project/RPG_Server/ExitGames-Photon-Server-SDK_v3-4-31-10808/deploy/Lite/bin/Photon.SocketServer.DLL
2016-01-10 11:59:22,618 [ 1] INFO  PhotonHostRuntime.PhotonDomainManager - AssemblyLoadEvent: ExitGamesLibs, Version=1.0.1.0, Culture=neutral, PublicKeyToken=eac0edd9746a4aa0 from file:///G:/U3D_WorkSpace/Personal_Project/RPG_Server/ExitGames-Photon-Server-SDK_v3-4-31-10808/deploy/Lite/bin/ExitGamesLibs.DLL
2016-01-10 11:59:22,628 [ 1] INFO  PhotonHostRuntime.PhotonDomainManager - AssemblyLoadEvent: System.Core, Version=4.0.0.0, Culture=neutral, PublicKeyToken=b77a5c561934e089 from file:///C:/Windows/Microsoft.Net/assembly/GAC_MSIL/System.Core/v4.0_4.0.0.0__b77a5c561934e089/System.Core.dll
2016-01-10 11:59:22,629 [ 1] INFO  PhotonHostRuntime.PhotonDomainManager - Starting: name = 'Lite', assemblyName = 'Lite', typeName = 'Lite.LiteApplication'
2016-01-10 11:59:22,630 [ 1] INFO  PhotonHostRuntime.PhotonDomainManager - CreateAppDomain: name = 'LiteLobby' , assemblyName = 'LiteLobby'
2016-01-10 11:59:22,631 [ 1] INFO  PhotonHostRuntime.PhotonDomainManager -   ApplicationBase = 'G:\U3D_WorkSpace\Personal_Project\RPG_Server\ExitGames-Photon-Server-SDK_v3-4-31-10808\deploy'
2016-01-10 11:59:22,632 [ 1] INFO  PhotonHostRuntime.PhotonDomainManager -   PrivateBinPath = 'G:\U3D_WorkSpace\Personal_Project\RPG_Server\ExitGames-Photon-Server-SDK_v3-4-31-10808\deploy\LiteLobby\bin;bin_Win32;Shared;'
2016-01-10 11:59:22,632 [ 1] INFO  PhotonHostRuntime.PhotonDomainManager -   ConfigurationFile = 'G:\U3D_WorkSpace\Personal_Project\RPG_Server\ExitGames-Photon-Server-SDK_v3-4-31-10808\deploy\LiteLobby\bin\LiteLobby.dll.config'
2016-01-10 11:59:22,633 [ 1] INFO  PhotonHostRuntime.PhotonDomainManager -   CachePath = 'G:\U3D_WorkSpace\Personal_Project\RPG_Server\ExitGames-Photon-Server-SDK_v3-4-31-10808\deploy\LiteLobby\bin\Cache'
2016-01-10 11:59:22,694 [ 1] INFO  PhotonHostRuntime.PhotonDomainManager -   ApplicationPath = 'G:\U3D_WorkSpace\Personal_Project\RPG_Server\ExitGames-Photon-Server-SDK_v3-4-31-10808\deploy\LiteLobby'
2016-01-10 11:59:22,695 [ 1] INFO  PhotonHostRuntime.PhotonDomainManager -   BinaryPath = 'G:\U3D_WorkSpace\Personal_Project\RPG_Server\ExitGames-Photon-Server-SDK_v3-4-31-10808\deploy\LiteLobby\bin'
2016-01-10 11:59:22,695 [ 1] INFO  PhotonHostRuntime.PhotonDomainManager -   ApplicationRootPath = 'G:\U3D_WorkSpace\Personal_Project\RPG_Server\ExitGames-Photon-Server-SDK_v3-4-31-10808\deploy'
2016-01-10 11:59:22,696 [ 1] INFO  PhotonHostRuntime.PhotonDomainManager -   UnmanagedLogPath = 'G:\U3D_WorkSpace\Personal_Project\RPG_Server\ExitGames-Photon-Server-SDK_v3-4-31-10808\deploy\bin_Win32\log'
2016-01-10 11:59:22,711 [ 1] INFO  PhotonHostRuntime.PhotonDomainManager - AssemblyLoadEvent: LiteLobby, Version=3.4.31.10808, Culture=neutral, PublicKeyToken=null from file:///G:/U3D_WorkSpace/Personal_Project/RPG_Server/ExitGames-Photon-Server-SDK_v3-4-31-10808/deploy/LiteLobby/bin/LiteLobby.DLL
2016-01-10 11:59:22,712 [ 1] INFO  PhotonHostRuntime.PhotonDomainManager - Photon SDK:3.4.31.10808
2016-01-10 11:59:22,726 [ 1] INFO  PhotonHostRuntime.PhotonDomainManager - AssemblyLoadEvent: Lite, Version=3.4.31.10808, Culture=neutral, PublicKeyToken=null from file:///G:/U3D_WorkSpace/Personal_Project/RPG_Server/ExitGames-Photon-Server-SDK_v3-4-31-10808/deploy/LiteLobby/bin/Lite.DLL
2016-01-10 11:59:22,741 [ 1] INFO  PhotonHostRuntime.PhotonDomainManager - AssemblyLoadEvent: Photon.SocketServer, Version=3.4.31.10808, Culture=neutral, PublicKeyToken=48c2fa3b6988090e from file:///G:/U3D_WorkSpace/Personal_Project/RPG_Server/ExitGames-Photon-Server-SDK_v3-4-31-10808/deploy/LiteLobby/bin/Photon.SocketServer.DLL
2016-01-10 11:59:22,904 [ 1] INFO  PhotonHostRuntime.PhotonDomainManager - AssemblyLoadEvent: ExitGamesLibs, Version=1.0.1.0, Culture=neutral, PublicKeyToken=eac0edd9746a4aa0 from file:///G:/U3D_WorkSpace/Personal_Project/RPG_Server/ExitGames-Photon-Server-SDK_v3-4-31-10808/deploy/LiteLobby/bin/ExitGamesLibs.DLL
2016-01-10 11:59:22,910 [ 1] INFO  PhotonHostRuntime.PhotonDomainManager - AssemblyLoadEvent: System.Core, Version=4.0.0.0, Culture=neutral, PublicKeyToken=b77a5c561934e089 from file:///C:/Windows/Microsoft.Net/assembly/GAC_MSIL/System.Core/v4.0_4.0.0.0__b77a5c561934e089/System.Core.dll
2016-01-10 11:59:22,911 [ 1] INFO  PhotonHostRuntime.PhotonDomainManager - Starting: name = 'LiteLobby', assemblyName = 'LiteLobby', typeName = 'LiteLobby.LiteLobbyApplication'
2016-01-10 11:59:22,913 [ 1] INFO  PhotonHostRuntime.PhotonDomainManager - CreateAppDomain: name = 'MmoDemo' , assemblyName = 'Photon.MmoDemo.Server'
2016-01-10 11:59:22,914 [ 1] INFO  PhotonHostRuntime.PhotonDomainManager -   ApplicationBase = 'G:\U3D_WorkSpace\Personal_Project\RPG_Server\ExitGames-Photon-Server-SDK_v3-4-31-10808\deploy'
2016-01-10 11:59:22,914 [ 1] INFO  PhotonHostRuntime.PhotonDomainManager -   PrivateBinPath = 'G:\U3D_WorkSpace\Personal_Project\RPG_Server\ExitGames-Photon-Server-SDK_v3-4-31-10808\deploy\MmoDemo\bin;bin_Win32;Shared;'
2016-01-10 11:59:22,915 [ 1] INFO  PhotonHostRuntime.PhotonDomainManager -   ConfigurationFile = ''
2016-01-10 11:59:22,916 [ 1] INFO  PhotonHostRuntime.PhotonDomainManager -   CachePath = 'G:\U3D_WorkSpace\Personal_Project\RPG_Server\ExitGames-Photon-Server-SDK_v3-4-31-10808\deploy\MmoDemo\bin\Cache'
2016-01-10 11:59:23,079 [ 1] INFO  PhotonHostRuntime.PhotonDomainManager -   ApplicationPath = 'G:\U3D_WorkSpace\Personal_Project\RPG_Server\ExitGames-Photon-Server-SDK_v3-4-31-10808\deploy\MmoDemo'
2016-01-10 11:59:23,080 [ 1] INFO  PhotonHostRuntime.PhotonDomainManager -   BinaryPath = 'G:\U3D_WorkSpace\Personal_Project\RPG_Server\ExitGames-Photon-Server-SDK_v3-4-31-10808\deploy\MmoDemo\bin'
2016-01-10 11:59:23,081 [ 1] INFO  PhotonHostRuntime.PhotonDomainManager -   ApplicationRootPath = 'G:\U3D_WorkSpace\Personal_Project\RPG_Server\ExitGames-Photon-Server-SDK_v3-4-31-10808\deploy'
2016-01-10 11:59:23,082 [ 1] INFO  PhotonHostRuntime.PhotonDomainManager -   UnmanagedLogPath = 'G:\U3D_WorkSpace\Personal_Project\RPG_Server\ExitGames-Photon-Server-SDK_v3-4-31-10808\deploy\bin_Win32\log'
2016-01-10 11:59:23,098 [ 1] INFO  PhotonHostRuntime.PhotonDomainManager - AssemblyLoadEvent: Photon.MmoDemo.Server, Version=3.4.31.10808, Culture=neutral, PublicKeyToken=null from file:///G:/U3D_WorkSpace/Personal_Project/RPG_Server/ExitGames-Photon-Server-SDK_v3-4-31-10808/deploy/MmoDemo/bin/Photon.MmoDemo.Server.DLL
2016-01-10 11:59:23,100 [ 1] INFO  PhotonHostRuntime.PhotonDomainManager - Photon SDK:3.4.31.10808
2016-01-10 11:59:23,150 [ 1] INFO  PhotonHostRuntime.PhotonDomainManager - AssemblyLoadEvent: Photon.SocketServer, Version=3.4.31.10808, Culture=neutral, PublicKeyToken=48c2fa3b6988090e from file:///G:/U3D_WorkSpace/Personal_Project/RPG_Server/ExitGames-Photon-Server-SDK_v3-4-31-10808/deploy/MmoDemo/bin/Photon.SocketServer.DLL
2016-01-10 11:59:23,194 [ 1] INFO  PhotonHostRuntime.PhotonDomainManager - AssemblyLoadEvent: ExitGamesLibs, Version=1.0.1.0, Culture=neutral, PublicKeyToken=eac0edd9746a4aa0 from file:///G:/U3D_WorkSpace/Personal_Project/RPG_Server/ExitGames-Photon-Server-SDK_v3-4-31-10808/deploy/MmoDemo/bin/ExitGamesLibs.DLL
2016-01-10 11:59:23,200 [ 1] INFO  PhotonHostRuntime.PhotonDomainManager - AssemblyLoadEvent: System.Core, Version=4.0.0.0, Culture=neutral, PublicKeyToken=b77a5c561934e089 from file:///C:/Windows/Microsoft.Net/assembly/GAC_MSIL/System.Core/v4.0_4.0.0.0__b77a5c561934e089/System.Core.dll
2016-01-10 11:59:23,203 [ 1] INFO  PhotonHostRuntime.PhotonDomainManager - Starting: name = 'MmoDemo', assemblyName = 'Photon.MmoDemo.Server', typeName = 'Photon.MmoDemo.Server.PhotonApplication'
2016-01-10 11:59:23,204 [ 1] INFO  PhotonHostRuntime.PhotonDomainManager - CreateAppDomain: name = 'CounterPublisher' , assemblyName = 'CounterPublisher'
2016-01-10 11:59:23,206 [ 1] INFO  PhotonHostRuntime.PhotonDomainManager -   ApplicationBase = 'G:\U3D_WorkSpace\Personal_Project\RPG_Server\ExitGames-Photon-Server-SDK_v3-4-31-10808\deploy'
2016-01-10 11:59:23,207 [ 1] INFO  PhotonHostRuntime.PhotonDomainManager -   PrivateBinPath = 'G:\U3D_WorkSpace\Personal_Project\RPG_Server\ExitGames-Photon-Server-SDK_v3-4-31-10808\deploy\CounterPublisher\bin;bin_Win32;Shared;'
2016-01-10 11:59:23,208 [ 1] INFO  PhotonHostRuntime.PhotonDomainManager -   ConfigurationFile = 'G:\U3D_WorkSpace\Personal_Project\RPG_Server\ExitGames-Photon-Server-SDK_v3-4-31-10808\deploy\CounterPublisher\bin\CounterPublisher.dll.config'
2016-01-10 11:59:23,209 [ 1] INFO  PhotonHostRuntime.PhotonDomainManager -   CachePath = 'G:\U3D_WorkSpace\Personal_Project\RPG_Server\ExitGames-Photon-Server-SDK_v3-4-31-10808\deploy\CounterPublisher\bin\Cache'
2016-01-10 11:59:23,336 [ 1] INFO  PhotonHostRuntime.PhotonDomainManager -   ApplicationPath = 'G:\U3D_WorkSpace\Personal_Project\RPG_Server\ExitGames-Photon-Server-SDK_v3-4-31-10808\deploy\CounterPublisher'
2016-01-10 11:59:23,337 [ 1] INFO  PhotonHostRuntime.PhotonDomainManager -   BinaryPath = 'G:\U3D_WorkSpace\Personal_Project\RPG_Server\ExitGames-Photon-Server-SDK_v3-4-31-10808\deploy\CounterPublisher\bin'
2016-01-10 11:59:23,338 [ 1] INFO  PhotonHostRuntime.PhotonDomainManager -   ApplicationRootPath = 'G:\U3D_WorkSpace\Personal_Project\RPG_Server\ExitGames-Photon-Server-SDK_v3-4-31-10808\deploy'
2016-01-10 11:59:23,339 [ 1] INFO  PhotonHostRuntime.PhotonDomainManager -   UnmanagedLogPath = 'G:\U3D_WorkSpace\Personal_Project\RPG_Server\ExitGames-Photon-Server-SDK_v3-4-31-10808\deploy\bin_Win32\log'
2016-01-10 11:59:23,356 [ 1] INFO  PhotonHostRuntime.PhotonDomainManager - AssemblyLoadEvent: CounterPublisher, Version=3.4.31.10808, Culture=neutral, PublicKeyToken=null from file:///G:/U3D_WorkSpace/Personal_Project/RPG_Server/ExitGames-Photon-Server-SDK_v3-4-31-10808/deploy/CounterPublisher/bin/CounterPublisher.DLL
2016-01-10 11:59:23,358 [ 1] INFO  PhotonHostRuntime.PhotonDomainManager - Photon SDK:3.4.31.10808
2016-01-10 11:59:23,396 [ 1] INFO  PhotonHostRuntime.PhotonDomainManager - AssemblyLoadEvent: Photon.SocketServer, Version=3.4.31.10808, Culture=neutral, PublicKeyToken=48c2fa3b6988090e from file:///G:/U3D_WorkSpace/Personal_Project/RPG_Server/ExitGames-Photon-Server-SDK_v3-4-31-10808/deploy/CounterPublisher/bin/Photon.SocketServer.DLL
2016-01-10 11:59:23,426 [ 1] INFO  PhotonHostRuntime.PhotonDomainManager - AssemblyLoadEvent: ExitGamesLibs, Version=1.0.1.0, Culture=neutral, PublicKeyToken=eac0edd9746a4aa0 from file:///G:/U3D_WorkSpace/Personal_Project/RPG_Server/ExitGames-Photon-Server-SDK_v3-4-31-10808/deploy/CounterPublisher/bin/ExitGamesLibs.DLL
2016-01-10 11:59:23,431 [ 1] INFO  PhotonHostRuntime.PhotonDomainManager - AssemblyLoadEvent: System.Core, Version=4.0.0.0, Culture=neutral, PublicKeyToken=b77a5c561934e089 from file:///C:/Windows/Microsoft.Net/assembly/GAC_MSIL/System.Core/v4.0_4.0.0.0__b77a5c561934e089/System.Core.dll
2016-01-10 11:59:23,433 [ 1] INFO  PhotonHostRuntime.PhotonDomainManager - Starting: name = 'CounterPublisher', assemblyName = 'CounterPublisher', typeName = 'Photon.CounterPublisher.Application'
2016-01-10 11:59:23,523 [ 1] INFO  PhotonHostRuntime.PhotonDomainManager - PhotonRunning: ApplicationName = 'CounterPublisher', DomainId='5' -- calling Application.Setup
2016-01-10 11:59:23,537 [ 1] INFO  PhotonHostRuntime.PhotonDomainManager - AssemblyLoadEvent: ExitGames.Logging.Log4Net, Version=1.0.1.0, Culture=neutral, PublicKeyToken=eac0edd9746a4aa0 from file:///G:/U3D_WorkSpace/Personal_Project/RPG_Server/ExitGames-Photon-Server-SDK_v3-4-31-10808/deploy/CounterPublisher/bin/ExitGames.Logging.Log4Net.DLL
2016-01-10 11:59:24,768 [ 1] INFO  PhotonHostRuntime.PhotonDomainManager - PhotonRunning: ApplicationName = 'Lite', DomainId='2' -- calling Application.Setup
2016-01-10 11:59:24,784 [ 1] INFO  PhotonHostRuntime.PhotonDomainManager - AssemblyLoadEvent: ExitGames.Logging.Log4Net, Version=1.0.1.0, Culture=neutral, PublicKeyToken=eac0edd9746a4aa0 from file:///G:/U3D_WorkSpace/Personal_Project/RPG_Server/ExitGames-Photon-Server-SDK_v3-4-31-10808/deploy/Lite/bin/ExitGames.Logging.Log4Net.DLL
2016-01-10 11:59:24,880 [ 1] INFO  PhotonHostRuntime.PhotonDomainManager - PhotonRunning: ApplicationName = 'LiteLobby', DomainId='3' -- calling Application.Setup
2016-01-10 11:59:24,894 [ 1] INFO  PhotonHostRuntime.PhotonDomainManager - AssemblyLoadEvent: ExitGames.Logging.Log4Net, Version=1.0.1.0, Culture=neutral, PublicKeyToken=eac0edd9746a4aa0 from file:///G:/U3D_WorkSpace/Personal_Project/RPG_Server/ExitGames-Photon-Server-SDK_v3-4-31-10808/deploy/LiteLobby/bin/ExitGames.Logging.Log4Net.DLL
2016-01-10 11:59:24,988 [ 1] INFO  PhotonHostRuntime.PhotonDomainManager - PhotonRunning: ApplicationName = 'MmoDemo', DomainId='4' -- calling Application.Setup
2016-01-10 11:59:25,003 [ 1] INFO  PhotonHostRuntime.PhotonDomainManager - AssemblyLoadEvent: ExitGames.Logging.Log4Net, Version=1.0.1.0, Culture=neutral, PublicKeyToken=eac0edd9746a4aa0 from file:///G:/U3D_WorkSpace/Personal_Project/RPG_Server/ExitGames-Photon-Server-SDK_v3-4-31-10808/deploy/MmoDemo/bin/ExitGames.Logging.Log4Net.DLL
2016-01-10 11:59:25,265 [ 1] INFO  PhotonHostRuntime.PhotonDomainManager - PhotonRunning: ApplicationName = 'DefaultDomain', DomainId='1'
2016-01-10 11:59:34,437 [ 7] ERROR PhotonHostRuntime.PhotonLicensing - Connect to Photon License Server failed, can't verify floating license.
2016-01-10 11:59:34,442 [ 1] INFO  PhotonHostRuntime.PhotonDomainManager - RequestStop: ApplicationName = 'CounterPublisher', DomainId='5' -- calling Application.OnStopRequested()
2016-01-10 11:59:34,446 [ 1] INFO  PhotonHostRuntime.PhotonDomainManager - RequestStop: ApplicationName = 'Lite', DomainId='2' -- calling Application.OnStopRequested()
2016-01-10 11:59:34,449 [ 1] INFO  PhotonHostRuntime.PhotonDomainManager - RequestStop: ApplicationName = 'LiteLobby', DomainId='3' -- calling Application.OnStopRequested()
2016-01-10 11:59:34,453 [ 1] INFO  PhotonHostRuntime.PhotonDomainManager - RequestStop: ApplicationName = 'MmoDemo', DomainId='4' -- calling Application.OnStopRequested()
2016-01-10 11:59:34,454 [ 1] INFO  PhotonHostRuntime.PhotonDomainManager - RequestStop: ApplicationName = 'DefaultDomain', DomainId='1'
2016-01-10 11:59:34,456 [ 1] INFO  PhotonHostRuntime.PhotonDomainManager - Stop: ApplicationName = 'CounterPublisher', DomainId='5' -- calling Application.TearDown()
2016-01-10 11:59:34,458 [ 1] INFO  PhotonHostRuntime.PhotonDomainManager - Stop: ApplicationName = 'Lite', DomainId='2' -- calling Application.TearDown()
2016-01-10 11:59:34,461 [ 1] INFO  PhotonHostRuntime.PhotonDomainManager - Stop: ApplicationName = 'LiteLobby', DomainId='3' -- calling Application.TearDown()
2016-01-10 11:59:34,463 [ 1] INFO  PhotonHostRuntime.PhotonDomainManager - Stop: ApplicationName = 'MmoDemo', DomainId='4' -- calling Application.TearDown()
